2026-04-28 13:09:18,167 INFO o.a.j.u.JMeterUtils: Setting Locale to en_EN
2026-04-28 13:09:18,183 INFO o.a.j.JMeter: Loading user properties from: C:\Users\rafas\Downloads\apache-jmeter-5.6.3\bin\user.properties
2026-04-28 13:09:18,184 INFO o.a.j.JMeter: Loading system properties from: C:\Users\rafas\Downloads\apache-jmeter-5.6.3\bin\system.properties
2026-04-28 13:09:18,193 INFO o.a.j.JMeter: Copyright (c) 1998-2024 The Apache Software Foundation
2026-04-28 13:09:18,193 INFO o.a.j.JMeter: Version 5.6.3
2026-04-28 13:09:18,193 INFO o.a.j.JMeter: java.version=22.0.2
2026-04-28 13:09:18,193 INFO o.a.j.JMeter: java.vm.name=Java HotSpot(TM) 64-Bit Server VM
2026-04-28 13:09:18,193 INFO o.a.j.JMeter: os.name=Windows 11
2026-04-28 13:09:18,193 INFO o.a.j.JMeter: os.arch=amd64
2026-04-28 13:09:18,193 INFO o.a.j.JMeter: os.version=10.0
2026-04-28 13:09:18,193 INFO o.a.j.JMeter: file.encoding=UTF-8
2026-04-28 13:09:18,193 INFO o.a.j.JMeter: java.awt.headless=true
2026-04-28 13:09:18,193 INFO o.a.j.JMeter: Max memory     =1073741824
2026-04-28 13:09:18,193 INFO o.a.j.JMeter: Available Processors =12
2026-04-28 13:09:18,201 INFO o.a.j.JMeter: Default Locale=English (EN)
2026-04-28 13:09:18,201 INFO o.a.j.JMeter: JMeter  Locale=English (EN)
2026-04-28 13:09:18,202 INFO o.a.j.JMeter: JMeterHome=C:\Users\rafas\Downloads\apache-jmeter-5.6.3
2026-04-28 13:09:18,202 INFO o.a.j.JMeter: user.dir  =C:\Users\rafas\IdeaProjects\exercise-profiling
2026-04-28 13:09:18,202 INFO o.a.j.JMeter: PWD       =C:\Users\rafas\IdeaProjects\exercise-profiling
2026-04-28 13:09:18,204 INFO o.a.j.JMeter: IP: 192.168.56.1 Name: Rap FullName: Rap
2026-04-28 13:09:18,218 INFO o.a.j.s.FileServer: Default base='C:\Users\rafas\IdeaProjects\exercise-profiling'
2026-04-28 13:09:18,220 INFO o.a.j.s.FileServer: Set new base='C:\Users\rafas\IdeaProjects\exercise-profiling'
2026-04-28 13:09:18,397 INFO o.a.j.s.SaveService: Testplan (JMX) version: 2.2. Testlog (JTL) version: 2.2
2026-04-28 13:09:18,431 INFO o.a.j.s.SaveService: Using SaveService properties version 5.0
2026-04-28 13:09:18,435 INFO o.a.j.s.SaveService: Using SaveService properties file encoding UTF-8
2026-04-28 13:09:18,438 INFO o.a.j.s.SaveService: Loading file: test_plan_3.jmx
2026-04-28 13:09:18,498 INFO o.a.j.p.h.s.HTTPSamplerBase: Parser for text/html is org.apache.jmeter.protocol.http.parser.LagartoBasedHtmlParser
2026-04-28 13:09:18,498 INFO o.a.j.p.h.s.HTTPSamplerBase: Parser for application/xhtml+xml is org.apache.jmeter.protocol.http.parser.LagartoBasedHtmlParser
2026-04-28 13:09:18,498 INFO o.a.j.p.h.s.HTTPSamplerBase: Parser for application/xml is org.apache.jmeter.protocol.http.parser.LagartoBasedHtmlParser
2026-04-28 13:09:18,498 INFO o.a.j.p.h.s.HTTPSamplerBase: Parser for text/xml is org.apache.jmeter.protocol.http.parser.LagartoBasedHtmlParser
2026-04-28 13:09:18,498 INFO o.a.j.p.h.s.HTTPSamplerBase: Parser for text/vnd.wap.wml is org.apache.jmeter.protocol.http.parser.RegexpHTMLParser
2026-04-28 13:09:18,498 INFO o.a.j.p.h.s.HTTPSamplerBase: Parser for text/css is org.apache.jmeter.protocol.http.parser.CssParser
2026-04-28 13:09:18,527 INFO o.a.j.JMeter: Creating summariser <summary>
2026-04-28 13:09:18,538 INFO o.a.j.e.StandardJMeterEngine: Running the test!
2026-04-28 13:09:18,538 INFO o.a.j.s.SampleEvent: List of sample_variables: []
2026-04-28 13:09:18,538 INFO o.a.j.s.SampleEvent: List of sample_variables: []
2026-04-28 13:09:18,543 INFO o.a.j.e.u.CompoundVariable: Note: Function class names must contain the string: '.functions.'
2026-04-28 13:09:18,544 INFO o.a.j.e.u.CompoundVariable: Note: Function class names must not contain the string: '.gui.'
2026-04-28 13:09:18,621 INFO o.a.j.JMeter: Running test (1777356558621)
2026-04-28 13:09:18,640 INFO o.a.j.e.StandardJMeterEngine: Starting ThreadGroup: 1 : Thread Group
2026-04-28 13:09:18,641 INFO o.a.j.e.StandardJMeterEngine: Starting 10 threads for group Thread Group.
2026-04-28 13:09:18,641 INFO o.a.j.e.StandardJMeterEngine: Thread will continue on error
2026-04-28 13:09:18,641 INFO o.a.j.t.ThreadGroup: Starting thread group... number=1 threads=10 ramp-up=1 delayedStart=false
2026-04-28 13:09:18,648 INFO o.a.j.t.ThreadGroup: Started thread group number 1
2026-04-28 13:09:18,648 INFO o.a.j.e.StandardJMeterEngine: All thread groups have been started
2026-04-28 13:09:18,649 INFO o.a.j.t.JMeterThread: Thread started: Thread Group 1-1
2026-04-28 13:09:18,665 INFO o.a.j.p.h.s.HTTPHCAbstractImpl: Local host = Rap
2026-04-28 13:09:18,671 INFO o.a.j.p.h.s.HTTPHC4Impl: HTTP request retry count = 0
2026-04-28 13:09:18,673 INFO o.a.j.s.SampleResult: Note: Sample TimeStamps are START times
2026-04-28 13:09:18,673 INFO o.a.j.s.SampleResult: sampleresult.default.encoding is set to UTF-8
2026-04-28 13:09:18,673 INFO o.a.j.s.SampleResult: sampleresult.useNanoTime=true
2026-04-28 13:09:18,673 INFO o.a.j.s.SampleResult: sampleresult.nanoThreadSleep=5000
2026-04-28 13:09:18,752 INFO o.a.j.t.JMeterThread: Thread started: Thread Group 1-2
2026-04-28 13:09:18,796 INFO o.a.j.t.JMeterThread: Thread is done: Thread Group 1-2
2026-04-28 13:09:18,796 INFO o.a.j.t.JMeterThread: Thread finished: Thread Group 1-2
2026-04-28 13:09:18,796 INFO o.a.j.t.JMeterThread: Thread is done: Thread Group 1-1
2026-04-28 13:09:18,797 INFO o.a.j.t.JMeterThread: Thread finished: Thread Group 1-1
2026-04-28 13:09:18,851 INFO o.a.j.t.JMeterThread: Thread started: Thread Group 1-3
2026-04-28 13:09:18,855 INFO o.a.j.t.JMeterThread: Thread is done: Thread Group 1-3
2026-04-28 13:09:18,855 INFO o.a.j.t.JMeterThread: Thread finished: Thread Group 1-3
2026-04-28 13:09:18,950 INFO o.a.j.t.JMeterThread: Thread started: Thread Group 1-4
2026-04-28 13:09:18,953 INFO o.a.j.t.JMeterThread: Thread is done: Thread Group 1-4
2026-04-28 13:09:18,953 INFO o.a.j.t.JMeterThread: Thread finished: Thread Group 1-4
2026-04-28 13:09:19,050 INFO o.a.j.t.JMeterThread: Thread started: Thread Group 1-5
2026-04-28 13:09:19,053 INFO o.a.j.t.JMeterThread: Thread is done: Thread Group 1-5
2026-04-28 13:09:19,053 INFO o.a.j.t.JMeterThread: Thread finished: Thread Group 1-5
2026-04-28 13:09:19,150 INFO o.a.j.t.JMeterThread: Thread started: Thread Group 1-6
2026-04-28 13:09:19,153 INFO o.a.j.t.JMeterThread: Thread is done: Thread Group 1-6
2026-04-28 13:09:19,153 INFO o.a.j.t.JMeterThread: Thread finished: Thread Group 1-6
2026-04-28 13:09:19,253 INFO o.a.j.t.JMeterThread: Thread started: Thread Group 1-7
2026-04-28 13:09:19,258 INFO o.a.j.t.JMeterThread: Thread is done: Thread Group 1-7
2026-04-28 13:09:19,259 INFO o.a.j.t.JMeterThread: Thread finished: Thread Group 1-7
2026-04-28 13:09:19,349 INFO o.a.j.t.JMeterThread: Thread started: Thread Group 1-8
2026-04-28 13:09:19,353 INFO o.a.j.t.JMeterThread: Thread is done: Thread Group 1-8
2026-04-28 13:09:19,353 INFO o.a.j.t.JMeterThread: Thread finished: Thread Group 1-8
2026-04-28 13:09:19,449 INFO o.a.j.t.JMeterThread: Thread started: Thread Group 1-9
2026-04-28 13:09:19,453 INFO o.a.j.t.JMeterThread: Thread is done: Thread Group 1-9
2026-04-28 13:09:19,453 INFO o.a.j.t.JMeterThread: Thread finished: Thread Group 1-9
2026-04-28 13:09:19,548 INFO o.a.j.t.JMeterThread: Thread started: Thread Group 1-10
2026-04-28 13:09:19,551 INFO o.a.j.t.JMeterThread: Thread is done: Thread Group 1-10
2026-04-28 13:09:19,551 INFO o.a.j.t.JMeterThread: Thread finished: Thread Group 1-10
2026-04-28 13:09:19,551 INFO o.a.j.e.StandardJMeterEngine: Notifying test listeners of end of test
2026-04-28 13:09:19,553 INFO o.a.j.r.Summariser: summary =     10 in 00:00:01 =   10.7/s Avg:     8 Min:     1 Max:    47 Err:    10 (100.00%)
